###############################################################################
#
# IAR ANSI C/C++ Compiler V9.50.2.385/W64 for ARM         28/Nov/2025  22:44:16
# Copyright 1999-2024 IAR Systems AB.
#
#    Cpu mode                     =  thumb
#    Endian                       =  little
#    Source file                  =
#        D:\@@@@@@@ @@@@\@@@@@@@@\@@@@@\@@@@@@@@@ @@@@\@@@@@@@@@@@ @@@@@@@@@@@
#        @@@@@@@@@@@@@ @@@@@@@@@\lab2\Lab1\Application\Mode\FadeGlowMode.cpp
#    Command line                 =
#        -f "D:\@@@@@@@ @@@@\@@@@@@@@\@@@@@\@@@@@@@@@ @@@@\@@@@@@@@@@@
#        @@@@@@@@@@@ @@@@@@@@@@@@@
#        @@@@@@@@@\lab2\Lab1\Debug\Obj\Mode_16823006984759215243.dir\FadeGlowMode.o.rsp"
#        ("D:\@@@@@@@ @@@@\@@@@@@@@\@@@@@\@@@@@@@@@ @@@@\@@@@@@@@@@@
#        @@@@@@@@@@@ @@@@@@@@@@@@@
#        @@@@@@@@@\lab2\Lab1\Application\Mode\FadeGlowMode.cpp" -lC "D:\@@@@@@@
#        @@@@\@@@@@@@@\@@@@@\@@@@@@@@@ @@@@\@@@@@@@@@@@ @@@@@@@@@@@
#        @@@@@@@@@@@@@
#        @@@@@@@@@\lab2\Lab1\Debug\List\Mode_16823006984759215243.dir" -lA
#        "D:\@@@@@@@ @@@@\@@@@@@@@\@@@@@\@@@@@@@@@ @@@@\@@@@@@@@@@@ @@@@@@@@@@@
#        @@@@@@@@@@@@@
#        @@@@@@@@@\lab2\Lab1\Debug\List\Mode_16823006984759215243.dir" -o
#        "D:\@@@@@@@ @@@@\@@@@@@@@\@@@@@\@@@@@@@@@ @@@@\@@@@@@@@@@@ @@@@@@@@@@@
#        @@@@@@@@@@@@@
#        @@@@@@@@@\lab2\Lab1\Debug\Obj\Mode_16823006984759215243.dir" --no_cse
#        --no_unroll --no_inline --no_code_motion --no_tbaa --no_clustering
#        --no_scheduling --debug --endian=little --cpu=Cortex-M4 -e
#        --fpu=VFPv4_sp --dlib_config
#        E:\IAR_Embedded_Workbench_for_ARM\arm\inc\c\DLib_Config_Normal.h -I
#        "D:\@@@@@@@ @@@@\@@@@@@@@\@@@@@\@@@@@@@@@ @@@@\@@@@@@@@@@@ @@@@@@@@@@@
#        @@@@@@@@@@@@@ @@@@@@@@@\lab2\Lab1\Common\\" -I "D:\@@@@@@@
#        @@@@\@@@@@@@@\@@@@@\@@@@@@@@@ @@@@\@@@@@@@@@@@ @@@@@@@@@@@
#        @@@@@@@@@@@@@
#        @@@@@@@@@\lab2\Lab1\AHardware\Registers\STM32F411\FieldValues\\" -I
#        "D:\@@@@@@@ @@@@\@@@@@@@@\@@@@@\@@@@@@@@@ @@@@\@@@@@@@@@@@ @@@@@@@@@@@
#        @@@@@@@@@@@@@ @@@@@@@@@\lab2\Lab1\AHardware\Registers\STM32F411\\" -I
#        "D:\@@@@@@@ @@@@\@@@@@@@@\@@@@@\@@@@@@@@@ @@@@\@@@@@@@@@@@ @@@@@@@@@@@
#        @@@@@@@@@@@@@ @@@@@@@@@\lab2\Lab1\AHardware\Registers\\" -I
#        "D:\@@@@@@@ @@@@\@@@@@@@@\@@@@@\@@@@@@@@@ @@@@\@@@@@@@@@@@ @@@@@@@@@@@
#        @@@@@@@@@@@@@ @@@@@@@@@\lab2\Lab1\AHardware\Registers\CortexM4\\" -I
#        "D:\@@@@@@@ @@@@\@@@@@@@@\@@@@@\@@@@@@@@@ @@@@\@@@@@@@@@@@ @@@@@@@@@@@
#        @@@@@@@@@@@@@
#        @@@@@@@@@\lab2\Lab1\AHardware\Registers\CortexM4\FieldValues\\" -I
#        "D:\@@@@@@@ @@@@\@@@@@@@@\@@@@@\@@@@@@@@@ @@@@\@@@@@@@@@@@ @@@@@@@@@@@
#        @@@@@@@@@@@@@ @@@@@@@@@\lab2\Lab1\Application\Led\Contracts\\" -I
#        "D:\@@@@@@@ @@@@\@@@@@@@@\@@@@@\@@@@@@@@@ @@@@\@@@@@@@@@@@ @@@@@@@@@@@
#        @@@@@@@@@@@@@ @@@@@@@@@\lab2\Lab1\Application\Led\\" -I "D:\@@@@@@@
#        @@@@\@@@@@@@@\@@@@@\@@@@@@@@@ @@@@\@@@@@@@@@@@ @@@@@@@@@@@
#        @@@@@@@@@@@@@ @@@@@@@@@\lab2\Lab1\Application\Mode\Contracts\\" -I
#        "D:\@@@@@@@ @@@@\@@@@@@@@\@@@@@\@@@@@@@@@ @@@@\@@@@@@@@@@@ @@@@@@@@@@@
#        @@@@@@@@@@@@@ @@@@@@@@@\lab2\Lab1\Application\Button\\" -I "D:\@@@@@@@
#        @@@@\@@@@@@@@\@@@@@\@@@@@@@@@ @@@@\@@@@@@@@@@@ @@@@@@@@@@@
#        @@@@@@@@@@@@@ @@@@@@@@@\lab2\Lab1\Application\Button\Contrats\\" -I
#        "D:\@@@@@@@ @@@@\@@@@@@@@\@@@@@\@@@@@@@@@ @@@@\@@@@@@@@@@@ @@@@@@@@@@@
#        @@@@@@@@@@@@@ @@@@@@@@@\lab2\Lab1\Application\LcdController\\" -I
#        "D:\@@@@@@@ @@@@\@@@@@@@@\@@@@@\@@@@@@@@@ @@@@\@@@@@@@@@@@ @@@@@@@@@@@
#        @@@@@@@@@@@@@
#        @@@@@@@@@\lab2\Lab1\Application\LcdController\Contracts\\" -I
#        "D:\@@@@@@@ @@@@\@@@@@@@@\@@@@@\@@@@@@@@@ @@@@\@@@@@@@@@@@ @@@@@@@@@@@
#        @@@@@@@@@@@@@ @@@@@@@@@\lab2\Lab1\Application\Mode\\" -On --c++
#        --no_exceptions --no_rtti) --dependencies=n "D:\@@@@@@@
#        @@@@\@@@@@@@@\@@@@@\@@@@@@@@@ @@@@\@@@@@@@@@@@ @@@@@@@@@@@
#        @@@@@@@@@@@@@
#        @@@@@@@@@\lab2\Lab1\Debug\Obj\Mode_16823006984759215243.dir\FadeGlowMode.o.iar_deps"
#    Locale                       =  C
#    List file                    =
#        D:\@@@@@@@ @@@@\@@@@@@@@\@@@@@\@@@@@@@@@ @@@@\@@@@@@@@@@@ @@@@@@@@@@@
#        @@@@@@@@@@@@@
#        @@@@@@@@@\lab2\Lab1\Debug\List\Mode_16823006984759215243.dir\FadeGlowMode.lst
#    Object file                  =
#        D:\@@@@@@@ @@@@\@@@@@@@@\@@@@@\@@@@@@@@@ @@@@\@@@@@@@@@@@ @@@@@@@@@@@
#        @@@@@@@@@@@@@
#        @@@@@@@@@\lab2\Lab1\Debug\Obj\Mode_16823006984759215243.dir\FadeGlowMode.o
#    Runtime model:                  
#      __CPP_Exceptions           =  Disabled
#      __CPP_Language             =  C++14
#      __CPP_Library              =  DLib
#      __CPP_Runtime              =  1
#      __SystemLibrary            =  DLib
#      __dlib_file_descriptor     =  0
#      __dlib_full_locale_support =  0
#      __dlib_version             =  6
#
###############################################################################

D:\@@@@@@@ @@@@\@@@@@@@@\@@@@@\@@@@@@@@@ @@@@\@@@@@@@@@@@ @@@@@@@@@@@ @@@@@@@@@@@@@ @@@@@@@@@\lab2\Lab1\Application\Mode\FadeGlowMode.cpp
      1          #include <cstdint>
Warning[Ms014]: some characters could not be correctly encoded in "D:\@@@@@@@
          @@@@\@@@@@@@@\@@@@@\@@@@@@@@@ @@@@\@@@@@@@@@@@ @@@@@@@@@@@
          @@@@@@@@@@@@@
          @@@@@@@@@\lab2\Lab1\Debug\List\Mode_16823006984759215243.dir\FadeGlo
          wMode.s", and have been replaced with '@'. The first such character
          has unicode code point 0x420 ("@")
      2          #include "FadeGlowMode.h"

   \                                 In section .text, align 2
   \   __vfp ILedToggable *const *std::_Addressof<ILedToggable *const>(ILedToggable *const &, std::false_type) noexcept
   \                     _ZSt10_AddressofIKP12ILedToggableEPT_RS3_St17integral_constantIbLb0EE: (+1)
   \        0x0   0x4770             BX       LR

   \                                 In section .text, align 4
   \   __vfp ILedToggable *const *std::addressof<ILedToggable *const>(ILedToggable *const &) noexcept
   \                     _ZSt9addressofIKP12ILedToggableEPT_RS3_: (+1)
   \        0x0   0xB510             PUSH     {R4,LR}
   \        0x2   0x0004             MOVS     R4,R0
   \        0x4   0x4802             LDR.N    R0,??addressof_0
   \        0x6   0x7801             LDRB     R1,[R0, #+0]
   \        0x8   0x0020             MOVS     R0,R4
   \        0xA   0x.... 0x....      BL       _ZSt10_AddressofIKP12ILedToggableEPT_RS3_St17integral_constantIbLb0EE
   \        0xE   0xBD10             POP      {R4,PC}
   \                     ??addressof_0:
   \       0x10   0x....'....        DC32     ?_0

   \                                 In section .text, align 2
   \   __vfp auto std::size<tLeds>(tLeds const &)->size_t
   \                     _ZSt4sizeISt5arrayIP12ILedToggableLj4EEEDTcldtfp_4sizeEERKT_: (+1)
   \        0x0   0xB510             PUSH     {R4,LR}
   \        0x2   0x0004             MOVS     R4,R0
   \        0x4   0x0020             MOVS     R0,R4
   \        0x6   0x.... 0x....      BL       _ZNKSt5arrayIP12ILedToggableLj4EE4sizeEv
   \        0xA   0xBD10             POP      {R4,PC}

   \                                 In section .text, align 2
   \   __vfp std::_Array_const_iterator<ILedToggable *, 4U>::_Array_const_iterator(ILedToggable *const *, size_t)
   \                     _ZNSt21_Array_const_iteratorIP12ILedToggableLj4EEC1EPKS1_j: (+1)
   \        0x0   0xEB01 0x0382      ADD      R3,R1,R2, LSL #+2
   \        0x4   0x6003             STR      R3,[R0, #+0]
   \        0x6   0x4770             BX       LR

   \                                 In section .text, align 2
   \   __vfp ILedToggable *const & std::_Array_const_iterator<ILedToggable *, 4U>::operator*() const
   \                     _ZNKSt21_Array_const_iteratorIP12ILedToggableLj4EEdeEv: (+1)
   \        0x0   0x6800             LDR      R0,[R0, #+0]
   \        0x2   0x4770             BX       LR

   \                                 In section .text, align 2
   \   __vfp std::_Array_const_iterator<ILedToggable *, 4U> &std::_Array_const_iterator<ILedToggable *, 4U>::operator++()
   \                     _ZNSt21_Array_const_iteratorIP12ILedToggableLj4EEppEv: (+1)
   \        0x0   0x6801             LDR      R1,[R0, #+0]
   \        0x2   0x1D09             ADDS     R1,R1,#+4
   \        0x4   0x6001             STR      R1,[R0, #+0]
   \        0x6   0x4770             BX       LR

   \                                 In section .text, align 2
   \   __vfp bool std::_Array_const_iterator<ILedToggable *, 4U>::operator==(std::_Array_const_iterator<ILedToggable *, 4U> const &) const
   \                     _ZNKSt21_Array_const_iteratorIP12ILedToggableLj4EEeqERKS2_: (+1)
   \        0x0   0x6800             LDR      R0,[R0, #+0]
   \        0x2   0x6809             LDR      R1,[R1, #+0]
   \        0x4   0x4288             CMP      R0,R1
   \        0x6   0xD101             BNE.N    `??operator==_0`
   \        0x8   0x2001             MOVS     R0,#+1
   \        0xA   0xE000             B.N      `??operator==_1`
   \                     `??operator==_0`: (+1)
   \        0xC   0x2000             MOVS     R0,#+0
   \                     `??operator==_1`: (+1)
   \        0xE   0xB2C0             UXTB     R0,R0
   \       0x10   0x4770             BX       LR

   \                                 In section .text, align 2
   \   __vfp bool std::_Array_const_iterator<ILedToggable *, 4U>::operator!=(std::_Array_const_iterator<ILedToggable *, 4U> const &) const
   \                     _ZNKSt21_Array_const_iteratorIP12ILedToggableLj4EEneERKS2_: (+1)
   \        0x0   0xB538             PUSH     {R3-R5,LR}
   \        0x2   0x0005             MOVS     R5,R0
   \        0x4   0x000C             MOVS     R4,R1
   \        0x6   0x0021             MOVS     R1,R4
   \        0x8   0x0028             MOVS     R0,R5
   \        0xA   0x.... 0x....      BL       _ZNKSt21_Array_const_iteratorIP12ILedToggableLj4EEeqERKS2_
   \        0xE   0x2800             CMP      R0,#+0
   \       0x10   0xD101             BNE.N    `??operator!=_0`
   \       0x12   0x2001             MOVS     R0,#+1
   \       0x14   0xE000             B.N      `??operator!=_1`
   \                     `??operator!=_0`: (+1)
   \       0x16   0x2000             MOVS     R0,#+0
   \                     `??operator!=_1`: (+1)
   \       0x18   0xB2C0             UXTB     R0,R0
   \       0x1A   0xBD32             POP      {R1,R4,R5,PC}

   \                                 In section .text, align 2
   \   __vfp std::array<ILedToggable *, 4U>::const_iterator std::array<ILedToggable *, 4U>::begin() const noexcept
   \                     _ZNKSt5arrayIP12ILedToggableLj4EE5beginEv: (+1)
   \        0x0   0xB51C             PUSH     {R2-R4,LR}
   \        0x2   0x0004             MOVS     R4,R0
   \        0x4   0x0020             MOVS     R0,R4
   \        0x6   0x.... 0x....      BL       _ZSt9addressofIKP12ILedToggableEPT_RS3_
   \        0xA   0x0001             MOVS     R1,R0
   \        0xC   0x2200             MOVS     R2,#+0
   \        0xE   0x4668             MOV      R0,SP
   \       0x10   0x.... 0x....      BL       _ZNSt21_Array_const_iteratorIP12ILedToggableLj4EEC1EPKS1_j
   \       0x14   0x9800             LDR      R0,[SP, #+0]
   \       0x16   0xBD16             POP      {R1,R2,R4,PC}

   \                                 In section .text, align 2
   \   __vfp std::array<ILedToggable *, 4U>::const_iterator std::array<ILedToggable *, 4U>::end() const noexcept
   \                     _ZNKSt5arrayIP12ILedToggableLj4EE3endEv: (+1)
   \        0x0   0xB51C             PUSH     {R2-R4,LR}
   \        0x2   0x0004             MOVS     R4,R0
   \        0x4   0x0020             MOVS     R0,R4
   \        0x6   0x.... 0x....      BL       _ZSt9addressofIKP12ILedToggableEPT_RS3_
   \        0xA   0x0001             MOVS     R1,R0
   \        0xC   0x2204             MOVS     R2,#+4
   \        0xE   0x4668             MOV      R0,SP
   \       0x10   0x.... 0x....      BL       _ZNSt21_Array_const_iteratorIP12ILedToggableLj4EEC1EPKS1_j
   \       0x14   0x9800             LDR      R0,[SP, #+0]
   \       0x16   0xBD16             POP      {R1,R2,R4,PC}

   \                                 In section .text, align 2
   \   __vfp size_t std::array<ILedToggable *, 4U>::size() const noexcept
   \                     _ZNKSt5arrayIP12ILedToggableLj4EE4sizeEv: (+1)
   \        0x0   0x0001             MOVS     R1,R0
   \        0x2   0x2004             MOVS     R0,#+4
   \        0x4   0x4770             BX       LR

   \                                 In section .text, align 2
   \   __vfp ILedToggable *const & std::array<ILedToggable *, 4U>::operator[](size_t) const
   \                     _ZNKSt5arrayIP12ILedToggableLj4EEixEj: (+1)
   \        0x0   0xEB00 0x0081      ADD      R0,R0,R1, LSL #+2
   \        0x4   0x4770             BX       LR

   \                                 In section .text, align 2, keep-with-next
   \   __vfp FadeGlowMode::subobject FadeGlowMode(tLeds const &, tLedsOnOff const &)
   \                     _ZN12FadeGlowModeC2ERKSt5arrayIP12ILedToggableLj4EERKS0_IP9ILedOnOffLj4EE: (+1)
   \        0x0   0xB510             PUSH     {R4,LR}
   \        0x2   0x0004             MOVS     R4,R0
   \        0x4   0x0020             MOVS     R0,R4
   \        0x6   0x.... 0x....      BL       _ZN12FadeGlowModeC1ERKSt5arrayIP12ILedToggableLj4EERKS0_IP9ILedOnOffLj4EE
   \        0xA   0xBD10             POP      {R4,PC}

   \                                 In section .text, align 2, keep-with-next
      3          FadeGlowMode::FadeGlowMode(const tLeds& leds, const tLedsOnOff& ledsOnOff):
      4          CommonMode(leds, ledsOnOff)
      5              {
   \                     _ZN12FadeGlowModeC1ERKSt5arrayIP12ILedToggableLj4EERKS0_IP9ILedOnOffLj4EE: (+1)
   \        0x0   0xB570             PUSH     {R4-R6,LR}
   \        0x2   0x0004             MOVS     R4,R0
   \        0x4   0x000D             MOVS     R5,R1
   \        0x6   0x0016             MOVS     R6,R2
   \        0x8   0x0032             MOVS     R2,R6
   \        0xA   0x0029             MOVS     R1,R5
   \        0xC   0x0020             MOVS     R0,R4
   \        0xE   0x.... 0x....      BL       _ZN10CommonModeC2ERKSt5arrayIP12ILedToggableLj4EERKS0_IP9ILedOnOffLj4EE
   \       0x12   0x....             LDR.N    R0,??DataTable1
   \       0x14   0x6020             STR      R0,[R4, #+0]
      6                
      7              }
   \       0x16   0x0020             MOVS     R0,R4
   \       0x18   0xBD70             POP      {R4-R6,PC}
      8              

   \                                 In section .text, align 2, keep-with-next
      9          void FadeGlowMode::Execute()
     10              {
   \                     _ZN12FadeGlowMode7ExecuteEv: (+1)
   \        0x0   0xB53E             PUSH     {R1-R5,LR}
   \        0x2   0x0004             MOVS     R4,R0
     11                for(auto it: mLeds)
   \        0x4   0x6865             LDR      R5,[R4, #+4]
   \        0x6   0x0028             MOVS     R0,R5
   \        0x8   0x.... 0x....      BL       _ZNKSt5arrayIP12ILedToggableLj4EE5beginEv
   \        0xC   0x9000             STR      R0,[SP, #+0]
   \        0xE   0x0028             MOVS     R0,R5
   \       0x10   0x.... 0x....      BL       _ZNKSt5arrayIP12ILedToggableLj4EE3endEv
   \       0x14   0x9001             STR      R0,[SP, #+4]
   \                     ??Execute_0: (+1)
   \       0x16   0xA901             ADD      R1,SP,#+4
   \       0x18   0x4668             MOV      R0,SP
   \       0x1A   0x.... 0x....      BL       _ZNKSt21_Array_const_iteratorIP12ILedToggableLj4EEneERKS2_
   \       0x1E   0x2800             CMP      R0,#+0
   \       0x20   0xD01A             BEQ.N    ??Execute_1
   \       0x22   0x4668             MOV      R0,SP
   \       0x24   0x.... 0x....      BL       _ZNKSt21_Array_const_iteratorIP12ILedToggableLj4EEdeEv
   \       0x28   0x6800             LDR      R0,[R0, #+0]
   \       0x2A   0x0005             MOVS     R5,R0
     12                {
     13                  mLeds[mCurrentLedNumber++]->Toggle();
   \       0x2C   0x68E1             LDR      R1,[R4, #+12]
   \       0x2E   0x1C48             ADDS     R0,R1,#+1
   \       0x30   0x60E0             STR      R0,[R4, #+12]
   \       0x32   0x6860             LDR      R0,[R4, #+4]
   \       0x34   0x.... 0x....      BL       _ZNKSt5arrayIP12ILedToggableLj4EEixEj
   \       0x38   0x6800             LDR      R0,[R0, #+0]
   \       0x3A   0x6801             LDR      R1,[R0, #+0]
   \       0x3C   0x6809             LDR      R1,[R1, #+0]
   \       0x3E   0x4788             BLX      R1
     14                  if (mCurrentLedNumber == std::size(mLeds))
   \       0x40   0x6860             LDR      R0,[R4, #+4]
   \       0x42   0x.... 0x....      BL       _ZSt4sizeISt5arrayIP12ILedToggableLj4EEEDTcldtfp_4sizeEERKT_
   \       0x46   0x68E1             LDR      R1,[R4, #+12]
   \       0x48   0x4281             CMP      R1,R0
   \       0x4A   0xD101             BNE.N    ??Execute_2
     15                  {
     16                    mCurrentLedNumber = 0;
   \       0x4C   0x2000             MOVS     R0,#+0
   \       0x4E   0x60E0             STR      R0,[R4, #+12]
     17                  }
     18                }
   \                     ??Execute_2: (+1)
   \       0x50   0x4668             MOV      R0,SP
   \       0x52   0x.... 0x....      BL       _ZNSt21_Array_const_iteratorIP12ILedToggableLj4EEppEv
   \       0x56   0xE7DE             B.N      ??Execute_0
     19              }
   \                     ??Execute_1: (+1)
   \       0x58   0xBD37             POP      {R0-R2,R4,R5,PC}

   \                                 In section .text, align 4, keep-with-next
   \                     ??DataTable1:
   \        0x0   0x....'....        DC32     _ZTV12FadeGlowMode+8

   Maximum stack usage in bytes:

   .cstack Function
   ------- --------
      24   FadeGlowMode::Execute()
        24   -- Indirect call
        24   -> std::_Array_const_iterator<ILedToggable *, 4U>::operator!=(std::_Array_const_iterator<ILedToggable *, 4U> const &) const
        24   -> std::_Array_const_iterator<ILedToggable *, 4U>::operator*() const
        24   -> std::_Array_const_iterator<ILedToggable *, 4U>::operator++()
        24   -> std::array<ILedToggable *, 4U>::begin() const noexcept
        24   -> std::array<ILedToggable *, 4U>::end() const noexcept
        24   -> std::array<ILedToggable *, 4U>::operator[](size_t) const
        24   -> std::size<tLeds>(tLeds const &)->size_t
      16   FadeGlowMode::FadeGlowMode(tLeds const &, tLedsOnOff const &)
        16   -> CommonMode::subobject CommonMode(tLeds const &, tLedsOnOff const &)
       8   FadeGlowMode::subobject FadeGlowMode(tLeds const &, tLedsOnOff const &)
         8   -> FadeGlowMode::FadeGlowMode(tLeds const &, tLedsOnOff const &)
       0   std::_Addressof<ILedToggable *const>(ILedToggable *const &, std::false_type) noexcept
       0   std::_Array_const_iterator<ILedToggable *, 4U>::_Array_const_iterator(ILedToggable *const *, size_t)
      16   std::_Array_const_iterator<ILedToggable *, 4U>::operator!=(std::_Array_const_iterator<ILedToggable *, 4U> const &) const
        16   -> std::_Array_const_iterator<ILedToggable *, 4U>::operator==(std::_Array_const_iterator<ILedToggable *, 4U> const &) const
       0   std::_Array_const_iterator<ILedToggable *, 4U>::operator*() const
       0   std::_Array_const_iterator<ILedToggable *, 4U>::operator++()
       0   std::_Array_const_iterator<ILedToggable *, 4U>::operator==(std::_Array_const_iterator<ILedToggable *, 4U> const &) const
       8   std::addressof<ILedToggable *const>(ILedToggable *const &) noexcept
         8   -> std::_Addressof<ILedToggable *const>(ILedToggable *const &, std::false_type) noexcept
      16   std::array<ILedToggable *, 4U>::begin() const noexcept
        16   -> std::_Array_const_iterator<ILedToggable *, 4U>::_Array_const_iterator(ILedToggable *const *, size_t)
        16   -> std::addressof<ILedToggable *const>(ILedToggable *const &) noexcept
      16   std::array<ILedToggable *, 4U>::end() const noexcept
        16   -> std::_Array_const_iterator<ILedToggable *, 4U>::_Array_const_iterator(ILedToggable *const *, size_t)
        16   -> std::addressof<ILedToggable *const>(ILedToggable *const &) noexcept
       0   std::array<ILedToggable *, 4U>::operator[](size_t) const
       0   std::array<ILedToggable *, 4U>::size() const noexcept
       8   std::size<tLeds>(tLeds const &)->size_t
         8   -> std::array<ILedToggable *, 4U>::size() const noexcept


   Section sizes:

   Bytes  Function/Label
   -----  --------------
       4  ??DataTable1
      90  FadeGlowMode::Execute()
      26  FadeGlowMode::FadeGlowMode(tLeds const &, tLedsOnOff const &)
      12  FadeGlowMode::subobject FadeGlowMode(tLeds const &, tLedsOnOff const &)
       2  std::_Addressof<ILedToggable *const>(ILedToggable *const &, std::false_type) noexcept
       8  std::_Array_const_iterator<ILedToggable *, 4U>::_Array_const_iterator(ILedToggable *const *, size_t)
      28  std::_Array_const_iterator<ILedToggable *, 4U>::operator!=(std::_Array_const_iterator<ILedToggable *, 4U> const &) const
       4  std::_Array_const_iterator<ILedToggable *, 4U>::operator*() const
       8  std::_Array_const_iterator<ILedToggable *, 4U>::operator++()
      18  std::_Array_const_iterator<ILedToggable *, 4U>::operator==(std::_Array_const_iterator<ILedToggable *, 4U> const &) const
      20  std::addressof<ILedToggable *const>(ILedToggable *const &) noexcept
      24  std::array<ILedToggable *, 4U>::begin() const noexcept
      24  std::array<ILedToggable *, 4U>::end() const noexcept
       6  std::array<ILedToggable *, 4U>::operator[](size_t) const
       6  std::array<ILedToggable *, 4U>::size() const noexcept
      12  std::size<tLeds>(tLeds const &)->size_t
     109  -- Other

 
 109 bytes in section .rodata
 292 bytes in section .text
 
 132 bytes of CODE  memory (+ 160 bytes shared)
   1 byte  of CONST memory (+ 108 bytes shared)

Errors: none
Warnings: 1
