###############################################################################
#
# IAR ANSI C/C++ Compiler V9.50.2.385/W64 for ARM         28/Nov/2025  22:44:15
# Copyright 1999-2024 IAR Systems AB.
#
#    Cpu mode                     =  thumb
#    Endian                       =  little
#    Source file                  =
#        D:\@@@@@@@ @@@@\@@@@@@@@\@@@@@\@@@@@@@@@ @@@@\@@@@@@@@@@@ @@@@@@@@@@@
#        @@@@@@@@@@@@@
#        @@@@@@@@@\lab2\Lab1\Application\Mode\RunningLightMode.cpp
#    Command line                 =
#        -f "D:\@@@@@@@ @@@@\@@@@@@@@\@@@@@\@@@@@@@@@ @@@@\@@@@@@@@@@@
#        @@@@@@@@@@@ @@@@@@@@@@@@@
#        @@@@@@@@@\lab2\Lab1\Debug\Obj\Mode_16823006984759215243.dir\RunningLightMode.o.rsp"
#        ("D:\@@@@@@@ @@@@\@@@@@@@@\@@@@@\@@@@@@@@@ @@@@\@@@@@@@@@@@
#        @@@@@@@@@@@ @@@@@@@@@@@@@
#        @@@@@@@@@\lab2\Lab1\Application\Mode\RunningLightMode.cpp" -lC
#        "D:\@@@@@@@ @@@@\@@@@@@@@\@@@@@\@@@@@@@@@ @@@@\@@@@@@@@@@@ @@@@@@@@@@@
#        @@@@@@@@@@@@@
#        @@@@@@@@@\lab2\Lab1\Debug\List\Mode_16823006984759215243.dir" -lA
#        "D:\@@@@@@@ @@@@\@@@@@@@@\@@@@@\@@@@@@@@@ @@@@\@@@@@@@@@@@ @@@@@@@@@@@
#        @@@@@@@@@@@@@
#        @@@@@@@@@\lab2\Lab1\Debug\List\Mode_16823006984759215243.dir" -o
#        "D:\@@@@@@@ @@@@\@@@@@@@@\@@@@@\@@@@@@@@@ @@@@\@@@@@@@@@@@ @@@@@@@@@@@
#        @@@@@@@@@@@@@
#        @@@@@@@@@\lab2\Lab1\Debug\Obj\Mode_16823006984759215243.dir" --no_cse
#        --no_unroll --no_inline --no_code_motion --no_tbaa --no_clustering
#        --no_scheduling --debug --endian=little --cpu=Cortex-M4 -e
#        --fpu=VFPv4_sp --dlib_config
#        E:\IAR_Embedded_Workbench_for_ARM\arm\inc\c\DLib_Config_Normal.h -I
#        "D:\@@@@@@@ @@@@\@@@@@@@@\@@@@@\@@@@@@@@@ @@@@\@@@@@@@@@@@ @@@@@@@@@@@
#        @@@@@@@@@@@@@ @@@@@@@@@\lab2\Lab1\Common\\" -I "D:\@@@@@@@
#        @@@@\@@@@@@@@\@@@@@\@@@@@@@@@ @@@@\@@@@@@@@@@@ @@@@@@@@@@@
#        @@@@@@@@@@@@@
#        @@@@@@@@@\lab2\Lab1\AHardware\Registers\STM32F411\FieldValues\\" -I
#        "D:\@@@@@@@ @@@@\@@@@@@@@\@@@@@\@@@@@@@@@ @@@@\@@@@@@@@@@@ @@@@@@@@@@@
#        @@@@@@@@@@@@@ @@@@@@@@@\lab2\Lab1\AHardware\Registers\STM32F411\\" -I
#        "D:\@@@@@@@ @@@@\@@@@@@@@\@@@@@\@@@@@@@@@ @@@@\@@@@@@@@@@@ @@@@@@@@@@@
#        @@@@@@@@@@@@@ @@@@@@@@@\lab2\Lab1\AHardware\Registers\\" -I
#        "D:\@@@@@@@ @@@@\@@@@@@@@\@@@@@\@@@@@@@@@ @@@@\@@@@@@@@@@@ @@@@@@@@@@@
#        @@@@@@@@@@@@@ @@@@@@@@@\lab2\Lab1\AHardware\Registers\CortexM4\\" -I
#        "D:\@@@@@@@ @@@@\@@@@@@@@\@@@@@\@@@@@@@@@ @@@@\@@@@@@@@@@@ @@@@@@@@@@@
#        @@@@@@@@@@@@@
#        @@@@@@@@@\lab2\Lab1\AHardware\Registers\CortexM4\FieldValues\\" -I
#        "D:\@@@@@@@ @@@@\@@@@@@@@\@@@@@\@@@@@@@@@ @@@@\@@@@@@@@@@@ @@@@@@@@@@@
#        @@@@@@@@@@@@@ @@@@@@@@@\lab2\Lab1\Application\Led\Contracts\\" -I
#        "D:\@@@@@@@ @@@@\@@@@@@@@\@@@@@\@@@@@@@@@ @@@@\@@@@@@@@@@@ @@@@@@@@@@@
#        @@@@@@@@@@@@@ @@@@@@@@@\lab2\Lab1\Application\Led\\" -I "D:\@@@@@@@
#        @@@@\@@@@@@@@\@@@@@\@@@@@@@@@ @@@@\@@@@@@@@@@@ @@@@@@@@@@@
#        @@@@@@@@@@@@@ @@@@@@@@@\lab2\Lab1\Application\Mode\Contracts\\" -I
#        "D:\@@@@@@@ @@@@\@@@@@@@@\@@@@@\@@@@@@@@@ @@@@\@@@@@@@@@@@ @@@@@@@@@@@
#        @@@@@@@@@@@@@ @@@@@@@@@\lab2\Lab1\Application\Button\\" -I "D:\@@@@@@@
#        @@@@\@@@@@@@@\@@@@@\@@@@@@@@@ @@@@\@@@@@@@@@@@ @@@@@@@@@@@
#        @@@@@@@@@@@@@ @@@@@@@@@\lab2\Lab1\Application\Button\Contrats\\" -I
#        "D:\@@@@@@@ @@@@\@@@@@@@@\@@@@@\@@@@@@@@@ @@@@\@@@@@@@@@@@ @@@@@@@@@@@
#        @@@@@@@@@@@@@ @@@@@@@@@\lab2\Lab1\Application\LcdController\\" -I
#        "D:\@@@@@@@ @@@@\@@@@@@@@\@@@@@\@@@@@@@@@ @@@@\@@@@@@@@@@@ @@@@@@@@@@@
#        @@@@@@@@@@@@@
#        @@@@@@@@@\lab2\Lab1\Application\LcdController\Contracts\\" -I
#        "D:\@@@@@@@ @@@@\@@@@@@@@\@@@@@\@@@@@@@@@ @@@@\@@@@@@@@@@@ @@@@@@@@@@@
#        @@@@@@@@@@@@@ @@@@@@@@@\lab2\Lab1\Application\Mode\\" -On --c++
#        --no_exceptions --no_rtti) --dependencies=n "D:\@@@@@@@
#        @@@@\@@@@@@@@\@@@@@\@@@@@@@@@ @@@@\@@@@@@@@@@@ @@@@@@@@@@@
#        @@@@@@@@@@@@@
#        @@@@@@@@@\lab2\Lab1\Debug\Obj\Mode_16823006984759215243.dir\RunningLightMode.o.iar_deps"
#    Locale                       =  C
#    List file                    =
#        D:\@@@@@@@ @@@@\@@@@@@@@\@@@@@\@@@@@@@@@ @@@@\@@@@@@@@@@@ @@@@@@@@@@@
#        @@@@@@@@@@@@@
#        @@@@@@@@@\lab2\Lab1\Debug\List\Mode_16823006984759215243.dir\RunningLightMode.lst
#    Object file                  =
#        D:\@@@@@@@ @@@@\@@@@@@@@\@@@@@\@@@@@@@@@ @@@@\@@@@@@@@@@@ @@@@@@@@@@@
#        @@@@@@@@@@@@@
#        @@@@@@@@@\lab2\Lab1\Debug\Obj\Mode_16823006984759215243.dir\RunningLightMode.o
#    Runtime model:                  
#      __CPP_Exceptions           =  Disabled
#      __CPP_Language             =  C++14
#      __CPP_Library              =  DLib
#      __CPP_Runtime              =  1
#      __SystemLibrary            =  DLib
#      __dlib_file_descriptor     =  0
#      __dlib_full_locale_support =  0
#      __dlib_version             =  6
#
###############################################################################

D:\@@@@@@@ @@@@\@@@@@@@@\@@@@@\@@@@@@@@@ @@@@\@@@@@@@@@@@ @@@@@@@@@@@ @@@@@@@@@@@@@ @@@@@@@@@\lab2\Lab1\Application\Mode\RunningLightMode.cpp
      1          #include <cassert>
Warning[Ms014]: some characters could not be correctly encoded in "D:\@@@@@@@
          @@@@\@@@@@@@@\@@@@@\@@@@@@@@@ @@@@\@@@@@@@@@@@ @@@@@@@@@@@
          @@@@@@@@@@@@@
          @@@@@@@@@\lab2\Lab1\Debug\List\Mode_16823006984759215243.dir\Running
          LightMode.s", and have been replaced with '@'. The first such
          character has unicode code point 0x420 ("@")
      2          #include "RunningLightMode.h"

   \                                 In section .text, align 2
   \   __vfp auto std::size<tLeds>(tLeds const &)->size_t
   \                     _ZSt4sizeISt5arrayIP12ILedToggableLj4EEEDTcldtfp_4sizeEERKT_: (+1)
   \        0x0   0xB510             PUSH     {R4,LR}
   \        0x2   0x0004             MOVS     R4,R0
   \        0x4   0x0020             MOVS     R0,R4
   \        0x6   0x.... 0x....      BL       _ZNKSt5arrayIP12ILedToggableLj4EE4sizeEv
   \        0xA   0xBD10             POP      {R4,PC}

   \                                 In section .text, align 2
   \   __vfp size_t std::array<ILedToggable *, 4U>::size() const noexcept
   \                     _ZNKSt5arrayIP12ILedToggableLj4EE4sizeEv: (+1)
   \        0x0   0x0001             MOVS     R1,R0
   \        0x2   0x2004             MOVS     R0,#+4
   \        0x4   0x4770             BX       LR

   \                                 In section .text, align 2
   \   __vfp ILedToggable *const & std::array<ILedToggable *, 4U>::operator[](size_t) const
   \                     _ZNKSt5arrayIP12ILedToggableLj4EEixEj: (+1)
   \        0x0   0xEB00 0x0081      ADD      R0,R0,R1, LSL #+2
   \        0x4   0x4770             BX       LR
      3          #include "ILedToggable.h" // for ILedToggable
      4          #include "ILedOnOff.h" // for ILedOnOff
      5          

   \                                 In section .text, align 2, keep-with-next
   \   __vfp RunningLightMode::subobject RunningLightMode(tLeds const &, tLedsOnOff const &)
   \                     _ZN16RunningLightModeC2ERKSt5arrayIP12ILedToggableLj4EERKS0_IP9ILedOnOffLj4EE: (+1)
   \        0x0   0xB510             PUSH     {R4,LR}
   \        0x2   0x0004             MOVS     R4,R0
   \        0x4   0x0020             MOVS     R0,R4
   \        0x6   0x.... 0x....      BL       _ZN16RunningLightModeC1ERKSt5arrayIP12ILedToggableLj4EERKS0_IP9ILedOnOffLj4EE
   \        0xA   0xBD10             POP      {R4,PC}

   \                                 In section .text, align 2, keep-with-next
      6          RunningLightMode::RunningLightMode(const tLeds& leds, const tLedsOnOff& ledsOnOff):
      7              CommonMode(leds, ledsOnOff)
      8              {
   \                     _ZN16RunningLightModeC1ERKSt5arrayIP12ILedToggableLj4EERKS0_IP9ILedOnOffLj4EE: (+1)
   \        0x0   0xB570             PUSH     {R4-R6,LR}
   \        0x2   0x0004             MOVS     R4,R0
   \        0x4   0x000D             MOVS     R5,R1
   \        0x6   0x0016             MOVS     R6,R2
   \        0x8   0x0032             MOVS     R2,R6
   \        0xA   0x0029             MOVS     R1,R5
   \        0xC   0x0020             MOVS     R0,R4
   \        0xE   0x.... 0x....      BL       _ZN10CommonModeC2ERKSt5arrayIP12ILedToggableLj4EERKS0_IP9ILedOnOffLj4EE
   \       0x12   0x....             LDR.N    R0,??DataTable1
   \       0x14   0x6020             STR      R0,[R4, #+0]
      9                
     10              }
   \       0x16   0x0020             MOVS     R0,R4
   \       0x18   0xBD70             POP      {R4-R6,PC}

   \                                 In section .text, align 2, keep-with-next
     11          void RunningLightMode::RunningLightMode::Execute()
     12              {
   \                     _ZN16RunningLightMode7ExecuteEv: (+1)
   \        0x0   0xB510             PUSH     {R4,LR}
   \        0x2   0x0004             MOVS     R4,R0
     13              mLeds[mCurrentLedNumber++]->Toggle();
   \        0x4   0x68E1             LDR      R1,[R4, #+12]
   \        0x6   0x1C48             ADDS     R0,R1,#+1
   \        0x8   0x60E0             STR      R0,[R4, #+12]
   \        0xA   0x6860             LDR      R0,[R4, #+4]
   \        0xC   0x.... 0x....      BL       _ZNKSt5arrayIP12ILedToggableLj4EEixEj
   \       0x10   0x6800             LDR      R0,[R0, #+0]
   \       0x12   0x6801             LDR      R1,[R0, #+0]
   \       0x14   0x6809             LDR      R1,[R1, #+0]
   \       0x16   0x4788             BLX      R1
     14              if (mCurrentLedNumber == std::size(mLeds))
   \       0x18   0x6860             LDR      R0,[R4, #+4]
   \       0x1A   0x.... 0x....      BL       _ZSt4sizeISt5arrayIP12ILedToggableLj4EEEDTcldtfp_4sizeEERKT_
   \       0x1E   0x68E1             LDR      R1,[R4, #+12]
   \       0x20   0x4281             CMP      R1,R0
   \       0x22   0xD101             BNE.N    ??Execute_0
     15              {
     16                mCurrentLedNumber = 0;
   \       0x24   0x2000             MOVS     R0,#+0
   \       0x26   0x60E0             STR      R0,[R4, #+12]
     17              }
     18            }
   \                     ??Execute_0: (+1)
   \       0x28   0xBD10             POP      {R4,PC}

   \                                 In section .text, align 4, keep-with-next
   \                     ??DataTable1:
   \        0x0   0x....'....        DC32     _ZTV16RunningLightMode+8

   Maximum stack usage in bytes:

   .cstack Function
   ------- --------
       8   RunningLightMode::Execute()
         8   -- Indirect call
         8   -> std::array<ILedToggable *, 4U>::operator[](size_t) const
         8   -> std::size<tLeds>(tLeds const &)->size_t
      16   RunningLightMode::RunningLightMode(tLeds const &, tLedsOnOff const &)
        16   -> CommonMode::subobject CommonMode(tLeds const &, tLedsOnOff const &)
       8   RunningLightMode::subobject RunningLightMode(tLeds const &, tLedsOnOff const &)
         8   -> RunningLightMode::RunningLightMode(tLeds const &, tLedsOnOff const &)
       0   std::array<ILedToggable *, 4U>::operator[](size_t) const
       0   std::array<ILedToggable *, 4U>::size() const noexcept
       8   std::size<tLeds>(tLeds const &)->size_t
         8   -> std::array<ILedToggable *, 4U>::size() const noexcept


   Section sizes:

   Bytes  Function/Label
   -----  --------------
       4  ??DataTable1
      42  RunningLightMode::Execute()
      26  RunningLightMode::RunningLightMode(tLeds const &, tLedsOnOff const &)
      12  RunningLightMode::subobject RunningLightMode(tLeds const &, tLedsOnOff const &)
       6  std::array<ILedToggable *, 4U>::operator[](size_t) const
       6  std::array<ILedToggable *, 4U>::size() const noexcept
      12  std::size<tLeds>(tLeds const &)->size_t
     112  -- Other

 
 112 bytes in section .rodata
 108 bytes in section .text
 
 84 bytes of CODE  memory (+  24 bytes shared)
  0 bytes of CONST memory (+ 112 bytes shared)

Errors: none
Warnings: 1
